Build started 12/6/2023 11:12:05 PM.
     1>Project "D:\_Ali\Semester 1\Programming Fundamentals\Game\Game\Game.vcxproj" on node 2 (Build target(s)).
     1>ClCompile:
         C:\Program Files (x86)\Microsoft Visual Studio 12.0\VC\bin\x86_amd64\CL.exe /c /I"D:\_Ali\Semester 1\Programming Fundamentals\Game\sfml\include" /Zi /nologo /W3 /WX- /sdl /Od /D WIN32 /D _DEBUG /D _CONSOLE /D _LIB /D _UNICODE /D UNICODE /Gm /EHsc /RTC1 /MDd /GS /fp:precise /Zc:wchar_t /Zc:forScope /Fo"x64\Debug\\" /Fd"x64\Debug\vc120.pdb" /Gd /TP /errorReport:prompt game.cpp
         game.cpp
     1>game.cpp(689): warning C4800: 'int' : forcing value to bool 'true' or 'false' (performance warning)
     1>game.cpp(692): warning C4800: 'int' : forcing value to bool 'true' or 'false' (performance warning)
     1>game.cpp(739): warning C4244: 'argument' : conversion from 'int' to 'float', possible loss of data
     1>game.cpp(807): warning C4244: 'argument' : conversion from 'int' to 'float', possible loss of data
     1>game.cpp(914): warning C4244: 'argument' : conversion from 'int' to 'float', possible loss of data
     1>game.cpp(915): warning C4244: 'argument' : conversion from 'int' to 'float', possible loss of data
     1>game.cpp(916): warning C4244: 'argument' : conversion from 'int' to 'float', possible loss of data
     1>game.cpp(917): warning C4244: 'argument' : conversion from 'int' to 'float', possible loss of data
     1>game.cpp(918): warning C4244: 'argument' : conversion from 'int' to 'float', possible loss of data
     1>game.cpp(919): warning C4244: 'argument' : conversion from 'int' to 'float', possible loss of data
     1>game.cpp(920): warning C4244: 'argument' : conversion from 'int' to 'float', possible loss of data
     1>game.cpp(921): warning C4244: 'argument' : conversion from 'int' to 'float', possible loss of data
     1>game.cpp(922): warning C4244: 'argument' : conversion from 'int' to 'float', possible loss of data
     1>game.cpp(923): warning C4244: 'argument' : conversion from 'int' to 'float', possible loss of data
     1>game.cpp(924): warning C4244: 'argument' : conversion from 'int' to 'float', possible loss of data
     1>game.cpp(925): warning C4244: 'argument' : conversion from 'int' to 'float', possible loss of data
     1>game.cpp(926): warning C4244: 'argument' : conversion from 'int' to 'float', possible loss of data
     1>game.cpp(927): warning C4244: 'argument' : conversion from 'int' to 'float', possible loss of data
     1>game.cpp(928): warning C4244: 'argument' : conversion from 'int' to 'float', possible loss of data
     1>game.cpp(937): warning C4305: 'argument' : truncation from 'double' to 'float'
     1>game.cpp(943): warning C4305: 'argument' : truncation from 'double' to 'float'
     1>game.cpp(949): warning C4305: 'argument' : truncation from 'double' to 'float'
     1>game.cpp(955): warning C4305: 'argument' : truncation from 'double' to 'float'
     1>game.cpp(961): warning C4305: 'argument' : truncation from 'double' to 'float'
     1>game.cpp(966): warning C4305: 'argument' : truncation from 'double' to 'float'
     1>game.cpp(972): warning C4305: 'argument' : truncation from 'double' to 'float'
     1>game.cpp(977): warning C4305: 'argument' : truncation from 'double' to 'float'
     1>game.cpp(983): warning C4305: 'argument' : truncation from 'double' to 'float'
     1>game.cpp(988): warning C4305: 'argument' : truncation from 'double' to 'float'
     1>game.cpp(993): warning C4305: 'argument' : truncation from 'double' to 'float'
     1>game.cpp(999): warning C4305: 'argument' : truncation from 'double' to 'float'
     1>game.cpp(1004): warning C4305: 'argument' : truncation from 'double' to 'float'
     1>game.cpp(1010): warning C4305: 'argument' : truncation from 'double' to 'float'
     1>game.cpp(1015): warning C4305: 'argument' : truncation from 'double' to 'float'
       Link:
         C:\Program Files (x86)\Microsoft Visual Studio 12.0\VC\bin\x86_amd64\link.exe /ERRORREPORT:PROMPT /OUT:"D:\_Ali\Semester 1\Programming Fundamentals\Game\x64\Debug\Game.exe" /INCREMENTAL /NOLOGO /LIBPATH:"D:\_Ali\Semester 1\Programming Fundamentals\Game\sfml\lib" "sfml-system-d.lib" "sfml-graphics-d.lib" "sfml-audio-d.lib" "sfml-network-d.lib" "sfml-window-d.lib" kernel32.lib user32.lib gdi32.lib winspool.lib comdlg32.lib advapi32.lib shell32.lib ole32.lib oleaut32.lib uuid.lib odbc32.lib odbccp32.lib /MANIFEST /MANIFESTUAC:"level='asInvoker' uiAccess='false'" /manifest:embed /DEBUG /PDB:"D:\_Ali\Semester 1\Programming Fundamentals\Game\x64\Debug\Game.pdb" /SUBSYSTEM:CONSOLE /TLBID:1 /DYNAMICBASE /NXCOMPAT /IMPLIB:"D:\_Ali\Semester 1\Programming Fundamentals\Game\x64\Debug\Game.lib" /MACHINE:X64 x64\Debug\game.obj
         Game.vcxproj -> D:\_Ali\Semester 1\Programming Fundamentals\Game\x64\Debug\Game.exe
     1>Done Building Project "D:\_Ali\Semester 1\Programming Fundamentals\Game\Game\Game.vcxproj" (Build target(s)).

Build succeeded.

Time Elapsed 00:00:00.99
